18:30:08 INFO  : Registering command handlers for SDK TCF services
18:30:09 INFO  : Launching XSCT server: xsct.bat -interactive D:\AGH\Semestr_VIII\SDUP\Projekt\Project\histogram_acc\histogram_acc.sdk\temp_xsdb_launch_script.tcl
18:30:13 INFO  : XSCT server has started successfully.
18:30:13 INFO  : Successfully done setting XSCT server connection channel  
18:30:13 INFO  : Successfully done setting SDK workspace  
18:30:13 INFO  : Processing command line option -hwspec D:/AGH/Semestr_VIII/SDUP/Projekt/Project/histogram_acc/histogram_acc.sdk/design_acc_wrapper.hdf.
18:34:08 INFO  : Connected to target on host '127.0.0.1' and port '3121'.
18:34:08 INFO  : 'targets -set -filter {jtag_cable_name =~ "Digilent Zed 210248586553" && level==0} -index 1' command is executed.
18:34:11 INFO  : FPGA configured successfully with bitstream "D:/AGH/Semestr_VIII/SDUP/Projekt/Project/histogram_acc/histogram_acc.sdk/design_acc_wrapper_hw_platform_0/design_acc_wrapper.bit"
18:34:46 INFO  : Connected to target on host '127.0.0.1' and port '3121'.
18:34:46 INFO  : Jtag cable 'Digilent Zed 210248586553' is selected.
18:34:46 INFO  : 'jtag frequency' command is executed.
18:34:46 INFO  : Sourcing of 'D:/AGH/Semestr_VIII/SDUP/Projekt/Project/histogram_acc/histogram_acc.sdk/design_acc_wrapper_hw_platform_0/ps7_init.tcl' is done.
18:34:46 INFO  : 'targets -set -filter {jtag_cable_name =~ "Digilent Zed 210248586553" && level==0} -index 1' command is executed.
18:34:48 INFO  : FPGA configured successfully with bitstream "D:/AGH/Semestr_VIII/SDUP/Projekt/Project/histogram_acc/histogram_acc.sdk/design_acc_wrapper_hw_platform_0/design_acc_wrapper.bit"
18:34:48 INFO  : Context for 'APU' is selected.
18:34:48 INFO  : Hardware design information is loaded from 'D:/AGH/Semestr_VIII/SDUP/Projekt/Project/histogram_acc/histogram_acc.sdk/design_acc_wrapper_hw_platform_0/system.hdf'.
18:34:48 INFO  : 'configparams force-mem-access 1' command is executed.
18:34:48 INFO  : Context for 'APU' is selected.
18:34:49 INFO  : 'stop' command is executed.
18:34:50 ERROR : Memory read error at 0xE0001034. AP transaction timeout
18:34:50 INFO  : ----------------XSDB Script----------------
connect -url tcp:127.0.0.1:3121
source D:/AGH/Semestr_VIII/SDUP/Projekt/Project/histogram_acc/histogram_acc.sdk/design_acc_wrapper_hw_platform_0/ps7_init.tcl
targets -set -filter {jtag_cable_name =~ "Digilent Zed 210248586553" && level==0} -index 1
fpga -file D:/AGH/Semestr_VIII/SDUP/Projekt/Project/histogram_acc/histogram_acc.sdk/design_acc_wrapper_hw_platform_0/design_acc_wrapper.bit
targets -set -nocase -filter {name =~"APU*" && jtag_cable_name =~ "Digilent Zed 210248586553"} -index 0
loadhw -hw D:/AGH/Semestr_VIII/SDUP/Projekt/Project/histogram_acc/histogram_acc.sdk/design_acc_wrapper_hw_platform_0/system.hdf -mem-ranges [list {0x40000000 0xbfffffff}]
configparams force-mem-access 1
targets -set -nocase -filter {name =~"APU*" && jtag_cable_name =~ "Digilent Zed 210248586553"} -index 0
stop
ps7_init
----------------End of Script----------------

18:35:47 INFO  : Connected to target on host '127.0.0.1' and port '3121'.
18:35:48 INFO  : Jtag cable 'Digilent Zed 210248586553' is selected.
18:35:48 INFO  : 'jtag frequency' command is executed.
18:35:48 INFO  : Sourcing of 'D:/AGH/Semestr_VIII/SDUP/Projekt/Project/histogram_acc/histogram_acc.sdk/design_acc_wrapper_hw_platform_0/ps7_init.tcl' is done.
18:35:48 INFO  : 'targets -set -filter {jtag_cable_name =~ "Digilent Zed 210248586553" && level==0} -index 1' command is executed.
18:35:55 ERROR : fpga configuration failed. DONE PIN is not HIGH
18:35:55 ERROR : Exception occured while running Program FPGA.
java.lang.RuntimeException: fpga configuration failed. DONE PIN is not HIGH
18:35:55 INFO  : ----------------XSDB Script----------------
connect -url tcp:127.0.0.1:3121
source D:/AGH/Semestr_VIII/SDUP/Projekt/Project/histogram_acc/histogram_acc.sdk/design_acc_wrapper_hw_platform_0/ps7_init.tcl
----------------End of Script----------------

18:36:05 INFO  : Connected to target on host '127.0.0.1' and port '3121'.
18:36:05 INFO  : Jtag cable 'Digilent Zed 210248586553' is selected.
18:36:05 INFO  : 'jtag frequency' command is executed.
18:36:05 INFO  : Sourcing of 'D:/AGH/Semestr_VIII/SDUP/Projekt/Project/histogram_acc/histogram_acc.sdk/design_acc_wrapper_hw_platform_0/ps7_init.tcl' is done.
18:36:05 INFO  : 'targets -set -filter {jtag_cable_name =~ "Digilent Zed 210248586553" && level==0} -index 1' command is executed.
18:36:08 INFO  : FPGA configured successfully with bitstream "D:/AGH/Semestr_VIII/SDUP/Projekt/Project/histogram_acc/histogram_acc.sdk/design_acc_wrapper_hw_platform_0/design_acc_wrapper.bit"
18:36:08 INFO  : Context for 'APU' is selected.
18:36:08 INFO  : Hardware design information is loaded from 'D:/AGH/Semestr_VIII/SDUP/Projekt/Project/histogram_acc/histogram_acc.sdk/design_acc_wrapper_hw_platform_0/system.hdf'.
18:36:08 INFO  : 'configparams force-mem-access 1' command is executed.
18:36:08 INFO  : Context for 'APU' is selected.
18:36:08 INFO  : 'stop' command is executed.
18:36:08 INFO  : 'ps7_init' command is executed.
18:36:08 INFO  : 'ps7_post_config' command is executed.
18:36:08 INFO  : 'configparams force-mem-access 0' command is executed.
18:36:08 INFO  : ----------------XSDB Script----------------
connect -url tcp:127.0.0.1:3121
source D:/AGH/Semestr_VIII/SDUP/Projekt/Project/histogram_acc/histogram_acc.sdk/design_acc_wrapper_hw_platform_0/ps7_init.tcl
targets -set -filter {jtag_cable_name =~ "Digilent Zed 210248586553" && level==0} -index 1
fpga -file D:/AGH/Semestr_VIII/SDUP/Projekt/Project/histogram_acc/histogram_acc.sdk/design_acc_wrapper_hw_platform_0/design_acc_wrapper.bit
targets -set -nocase -filter {name =~"APU*" && jtag_cable_name =~ "Digilent Zed 210248586553"} -index 0
loadhw -hw D:/AGH/Semestr_VIII/SDUP/Projekt/Project/histogram_acc/histogram_acc.sdk/design_acc_wrapper_hw_platform_0/system.hdf -mem-ranges [list {0x40000000 0xbfffffff}]
configparams force-mem-access 1
targets -set -nocase -filter {name =~"APU*" && jtag_cable_name =~ "Digilent Zed 210248586553"} -index 0
stop
ps7_init
ps7_post_config
configparams force-mem-access 0
----------------End of Script----------------

18:36:08 INFO  : Disconnected from the channel tcfchan#1.
18:37:39 INFO  : Connected to target on host '127.0.0.1' and port '3121'.
18:37:39 INFO  : 'targets -set -filter {jtag_cable_name =~ "Digilent Zed 210248586553" && level==0} -index 1' command is executed.
18:37:42 INFO  : FPGA configured successfully with bitstream "D:/AGH/Semestr_VIII/SDUP/Projekt/Project/histogram_acc/histogram_acc.sdk/design_acc_wrapper_hw_platform_0/design_acc_wrapper.bit"
18:38:06 INFO  : Connected to target on host '127.0.0.1' and port '3121'.
18:38:07 INFO  : Jtag cable 'Digilent Zed 210248586553' is selected.
18:38:07 INFO  : 'jtag frequency' command is executed.
18:38:07 INFO  : Sourcing of 'D:/AGH/Semestr_VIII/SDUP/Projekt/Project/histogram_acc/histogram_acc.sdk/design_acc_wrapper_hw_platform_0/ps7_init.tcl' is done.
18:38:07 INFO  : 'targets -set -filter {jtag_cable_name =~ "Digilent Zed 210248586553" && level==0} -index 1' command is executed.
18:38:09 INFO  : FPGA configured successfully with bitstream "D:/AGH/Semestr_VIII/SDUP/Projekt/Project/histogram_acc/histogram_acc.sdk/design_acc_wrapper_hw_platform_0/design_acc_wrapper.bit"
18:38:09 INFO  : Context for 'APU' is selected.
18:38:09 INFO  : Hardware design information is loaded from 'D:/AGH/Semestr_VIII/SDUP/Projekt/Project/histogram_acc/histogram_acc.sdk/design_acc_wrapper_hw_platform_0/system.hdf'.
18:38:09 INFO  : 'configparams force-mem-access 1' command is executed.
18:38:09 INFO  : Context for 'APU' is selected.
18:38:09 INFO  : 'stop' command is executed.
18:38:10 INFO  : 'ps7_init' command is executed.
18:38:10 INFO  : 'ps7_post_config' command is executed.
18:38:10 INFO  : 'configparams force-mem-access 0' command is executed.
18:38:10 INFO  : ----------------XSDB Script----------------
connect -url tcp:127.0.0.1:3121
source D:/AGH/Semestr_VIII/SDUP/Projekt/Project/histogram_acc/histogram_acc.sdk/design_acc_wrapper_hw_platform_0/ps7_init.tcl
targets -set -filter {jtag_cable_name =~ "Digilent Zed 210248586553" && level==0} -index 1
fpga -file D:/AGH/Semestr_VIII/SDUP/Projekt/Project/histogram_acc/histogram_acc.sdk/design_acc_wrapper_hw_platform_0/design_acc_wrapper.bit
targets -set -nocase -filter {name =~"APU*" && jtag_cable_name =~ "Digilent Zed 210248586553"} -index 0
loadhw -hw D:/AGH/Semestr_VIII/SDUP/Projekt/Project/histogram_acc/histogram_acc.sdk/design_acc_wrapper_hw_platform_0/system.hdf -mem-ranges [list {0x40000000 0xbfffffff}]
configparams force-mem-access 1
targets -set -nocase -filter {name =~"APU*" && jtag_cable_name =~ "Digilent Zed 210248586553"} -index 0
stop
ps7_init
ps7_post_config
configparams force-mem-access 0
----------------End of Script----------------

18:38:10 INFO  : Disconnected from the channel tcfchan#2.
18:40:48 INFO  : Connected to target on host '127.0.0.1' and port '3121'.
18:40:49 INFO  : Jtag cable 'Digilent Zed 210248586553' is selected.
18:40:49 INFO  : 'jtag frequency' command is executed.
18:40:49 INFO  : Sourcing of 'D:/AGH/Semestr_VIII/SDUP/Projekt/Project/histogram_acc/histogram_acc.sdk/design_acc_wrapper_hw_platform_0/ps7_init.tcl' is done.
18:40:49 INFO  : 'targets -set -filter {jtag_cable_name =~ "Digilent Zed 210248586553" && level==0} -index 1' command is executed.
18:40:51 INFO  : FPGA configured successfully with bitstream "D:/AGH/Semestr_VIII/SDUP/Projekt/Project/histogram_acc/histogram_acc.sdk/design_acc_wrapper_hw_platform_0/design_acc_wrapper.bit"
18:40:51 INFO  : Context for 'APU' is selected.
18:40:54 INFO  : Hardware design information is loaded from 'D:/AGH/Semestr_VIII/SDUP/Projekt/Project/histogram_acc/histogram_acc.sdk/design_acc_wrapper_hw_platform_0/system.hdf'.
18:40:54 INFO  : 'configparams force-mem-access 1' command is executed.
18:40:54 INFO  : Context for 'APU' is selected.
18:40:54 INFO  : 'stop' command is executed.
18:40:54 INFO  : 'ps7_init' command is executed.
18:40:54 INFO  : 'configparams force-mem-access 0' command is executed.
18:40:54 INFO  : ----------------XSDB Script----------------
connect -url tcp:127.0.0.1:3121
source D:/AGH/Semestr_VIII/SDUP/Projekt/Project/histogram_acc/histogram_acc.sdk/design_acc_wrapper_hw_platform_0/ps7_init.tcl
targets -set -filter {jtag_cable_name =~ "Digilent Zed 210248586553" && level==0} -index 1
fpga -file D:/AGH/Semestr_VIII/SDUP/Projekt/Project/histogram_acc/histogram_acc.sdk/design_acc_wrapper_hw_platform_0/design_acc_wrapper.bit
targets -set -nocase -filter {name =~"APU*" && jtag_cable_name =~ "Digilent Zed 210248586553"} -index 0
loadhw -hw D:/AGH/Semestr_VIII/SDUP/Projekt/Project/histogram_acc/histogram_acc.sdk/design_acc_wrapper_hw_platform_0/system.hdf -mem-ranges [list {0x40000000 0xbfffffff}]
configparams force-mem-access 1
targets -set -nocase -filter {name =~"APU*" && jtag_cable_name =~ "Digilent Zed 210248586553"} -index 0
stop
ps7_init
configparams force-mem-access 0
----------------End of Script----------------

18:40:54 INFO  : Disconnected from the channel tcfchan#3.
18:41:25 INFO  : 'targets -set -filter {jtag_cable_name =~ "Digilent Zed 210248586553" && level==0} -index 1' command is executed.
18:41:25 INFO  : 'fpga -state' command is executed.
18:41:25 INFO  : Connected to target on host '127.0.0.1' and port '3121'.
18:41:25 INFO  : Jtag cable 'Digilent Zed 210248586553' is selected.
18:41:25 INFO  : 'jtag frequency' command is executed.
18:41:25 INFO  : Sourcing of 'D:/AGH/Semestr_VIII/SDUP/Projekt/Project/histogram_acc/histogram_acc.sdk/design_acc_wrapper_hw_platform_0/ps7_init.tcl' is done.
18:41:25 INFO  : Context for 'APU' is selected.
18:41:28 INFO  : Hardware design information is loaded from 'D:/AGH/Semestr_VIII/SDUP/Projekt/Project/histogram_acc/histogram_acc.sdk/design_acc_wrapper_hw_platform_0/system.hdf'.
18:41:28 INFO  : 'configparams force-mem-access 1' command is executed.
18:41:28 INFO  : Context for 'APU' is selected.
18:41:28 INFO  : 'stop' command is executed.
18:41:28 INFO  : 'ps7_init' command is executed.
18:41:28 INFO  : 'ps7_post_config' command is executed.
18:41:28 INFO  : Context for processor 'ps7_cortexa9_0' is selected.
18:41:28 INFO  : Processor reset is completed for 'ps7_cortexa9_0'.
18:41:29 INFO  : Context for processor 'ps7_cortexa9_0' is selected.
18:41:29 INFO  : The application 'D:/AGH/Semestr_VIII/SDUP/Projekt/Project/histogram_acc/histogram_acc.sdk/histogram_demo_app/Debug/histogram_demo_app.elf' is downloaded to processor 'ps7_cortexa9_0'.
18:41:29 INFO  : 'configparams force-mem-access 0' command is executed.
18:41:29 INFO  : ----------------XSDB Script----------------
connect -url tcp:127.0.0.1:3121
source D:/AGH/Semestr_VIII/SDUP/Projekt/Project/histogram_acc/histogram_acc.sdk/design_acc_wrapper_hw_platform_0/ps7_init.tcl
targets -set -nocase -filter {name =~"APU*" && jtag_cable_name =~ "Digilent Zed 210248586553"} -index 0
loadhw -hw D:/AGH/Semestr_VIII/SDUP/Projekt/Project/histogram_acc/histogram_acc.sdk/design_acc_wrapper_hw_platform_0/system.hdf -mem-ranges [list {0x40000000 0xbfffffff}]
configparams force-mem-access 1
targets -set -nocase -filter {name =~"APU*" && jtag_cable_name =~ "Digilent Zed 210248586553"} -index 0
stop
ps7_init
ps7_post_config
targets -set -nocase -filter {name =~ "ARM*#0" && jtag_cable_name =~ "Digilent Zed 210248586553"} -index 0
rst -processor
targets -set -nocase -filter {name =~ "ARM*#0" && jtag_cable_name =~ "Digilent Zed 210248586553"} -index 0
dow D:/AGH/Semestr_VIII/SDUP/Projekt/Project/histogram_acc/histogram_acc.sdk/histogram_demo_app/Debug/histogram_demo_app.elf
configparams force-mem-access 0
----------------End of Script----------------

18:41:29 INFO  : Memory regions updated for context APU
18:41:29 INFO  : Context for processor 'ps7_cortexa9_0' is selected.
18:41:29 INFO  : 'con' command is executed.
18:41:29 INFO  : ----------------XSDB Script (After Launch)----------------
targets -set -nocase -filter {name =~ "ARM*#0" && jtag_cable_name =~ "Digilent Zed 210248586553"} -index 0
con
----------------End of Script----------------

18:41:29 INFO  : Launch script is exported to file 'D:\AGH\Semestr_VIII\SDUP\Projekt\Project\histogram_acc\histogram_acc.sdk\.sdk\launch_scripts\xilinx_c-c++_application_(system_debugger)\system_debugger_using_debug_histogram_demo_app.elf_on_local.tcl'
18:43:08 INFO  : Connected to target on host '127.0.0.1' and port '3121'.
18:43:08 INFO  : Jtag cable 'Digilent Zed 210248586553' is selected.
18:43:08 INFO  : 'jtag frequency' command is executed.
18:43:08 INFO  : Sourcing of 'D:/AGH/Semestr_VIII/SDUP/Projekt/Project/histogram_acc/histogram_acc.sdk/design_acc_wrapper_hw_platform_0/ps7_init.tcl' is done.
18:43:08 INFO  : 'targets -set -filter {jtag_cable_name =~ "Digilent Zed 210248586553" && level==0} -index 1' command is executed.
18:43:11 INFO  : FPGA configured successfully with bitstream "D:/AGH/Semestr_VIII/SDUP/Projekt/Project/histogram_acc/histogram_acc.sdk/design_acc_wrapper_hw_platform_0/design_acc_wrapper.bit"
18:43:11 INFO  : Context for 'APU' is selected.
18:43:11 INFO  : Hardware design information is loaded from 'D:/AGH/Semestr_VIII/SDUP/Projekt/Project/histogram_acc/histogram_acc.sdk/design_acc_wrapper_hw_platform_0/system.hdf'.
18:43:11 INFO  : 'configparams force-mem-access 1' command is executed.
18:43:11 INFO  : Context for 'APU' is selected.
18:43:11 INFO  : 'stop' command is executed.
18:43:11 INFO  : 'ps7_init' command is executed.
18:43:11 INFO  : 'configparams force-mem-access 0' command is executed.
18:43:11 INFO  : ----------------XSDB Script----------------
connect -url tcp:127.0.0.1:3121
source D:/AGH/Semestr_VIII/SDUP/Projekt/Project/histogram_acc/histogram_acc.sdk/design_acc_wrapper_hw_platform_0/ps7_init.tcl
targets -set -filter {jtag_cable_name =~ "Digilent Zed 210248586553" && level==0} -index 1
fpga -file D:/AGH/Semestr_VIII/SDUP/Projekt/Project/histogram_acc/histogram_acc.sdk/design_acc_wrapper_hw_platform_0/design_acc_wrapper.bit
targets -set -nocase -filter {name =~"APU*" && jtag_cable_name =~ "Digilent Zed 210248586553"} -index 0
loadhw -hw D:/AGH/Semestr_VIII/SDUP/Projekt/Project/histogram_acc/histogram_acc.sdk/design_acc_wrapper_hw_platform_0/system.hdf -mem-ranges [list {0x40000000 0xbfffffff}]
configparams force-mem-access 1
targets -set -nocase -filter {name =~"APU*" && jtag_cable_name =~ "Digilent Zed 210248586553"} -index 0
stop
ps7_init
configparams force-mem-access 0
----------------End of Script----------------

18:43:14 INFO  : Disconnected from the channel tcfchan#4.
18:44:05 WARN  : channel "tcfchan#4" closed
18:44:07 INFO  : 'targets -set -filter {jtag_cable_name =~ "Digilent Zed 210248586553" && level==0} -index 1' command is executed.
18:44:07 INFO  : 'fpga -state' command is executed.
18:44:07 INFO  : Connected to target on host '127.0.0.1' and port '3121'.
18:44:07 INFO  : Jtag cable 'Digilent Zed 210248586553' is selected.
18:44:07 INFO  : 'jtag frequency' command is executed.
18:44:07 INFO  : Sourcing of 'D:/AGH/Semestr_VIII/SDUP/Projekt/Project/histogram_acc/histogram_acc.sdk/design_acc_wrapper_hw_platform_0/ps7_init.tcl' is done.
18:44:07 INFO  : Context for 'APU' is selected.
18:44:09 INFO  : Hardware design information is loaded from 'D:/AGH/Semestr_VIII/SDUP/Projekt/Project/histogram_acc/histogram_acc.sdk/design_acc_wrapper_hw_platform_0/system.hdf'.
18:44:09 INFO  : 'configparams force-mem-access 1' command is executed.
18:44:09 INFO  : Context for 'APU' is selected.
18:44:09 INFO  : 'stop' command is executed.
18:44:10 INFO  : 'ps7_init' command is executed.
18:44:10 INFO  : 'ps7_post_config' command is executed.
18:44:10 INFO  : Context for processor 'ps7_cortexa9_0' is selected.
18:44:10 INFO  : Processor reset is completed for 'ps7_cortexa9_0'.
18:44:10 INFO  : Context for processor 'ps7_cortexa9_0' is selected.
18:44:10 INFO  : The application 'D:/AGH/Semestr_VIII/SDUP/Projekt/Project/histogram_acc/histogram_acc.sdk/histogram_demo_app/Debug/histogram_demo_app.elf' is downloaded to processor 'ps7_cortexa9_0'.
18:44:10 INFO  : 'configparams force-mem-access 0' command is executed.
18:44:10 INFO  : ----------------XSDB Script----------------
connect -url tcp:127.0.0.1:3121
source D:/AGH/Semestr_VIII/SDUP/Projekt/Project/histogram_acc/histogram_acc.sdk/design_acc_wrapper_hw_platform_0/ps7_init.tcl
targets -set -nocase -filter {name =~"APU*" && jtag_cable_name =~ "Digilent Zed 210248586553"} -index 0
loadhw -hw D:/AGH/Semestr_VIII/SDUP/Projekt/Project/histogram_acc/histogram_acc.sdk/design_acc_wrapper_hw_platform_0/system.hdf -mem-ranges [list {0x40000000 0xbfffffff}]
configparams force-mem-access 1
targets -set -nocase -filter {name =~"APU*" && jtag_cable_name =~ "Digilent Zed 210248586553"} -index 0
stop
ps7_init
ps7_post_config
targets -set -nocase -filter {name =~ "ARM*#0" && jtag_cable_name =~ "Digilent Zed 210248586553"} -index 0
rst -processor
targets -set -nocase -filter {name =~ "ARM*#0" && jtag_cable_name =~ "Digilent Zed 210248586553"} -index 0
dow D:/AGH/Semestr_VIII/SDUP/Projekt/Project/histogram_acc/histogram_acc.sdk/histogram_demo_app/Debug/histogram_demo_app.elf
configparams force-mem-access 0
----------------End of Script----------------

18:44:10 INFO  : Memory regions updated for context APU
18:44:10 INFO  : Context for processor 'ps7_cortexa9_0' is selected.
18:44:10 INFO  : 'con' command is executed.
18:44:10 INFO  : ----------------XSDB Script (After Launch)----------------
targets -set -nocase -filter {name =~ "ARM*#0" && jtag_cable_name =~ "Digilent Zed 210248586553"} -index 0
con
----------------End of Script----------------

18:44:10 INFO  : Launch script is exported to file 'D:\AGH\Semestr_VIII\SDUP\Projekt\Project\histogram_acc\histogram_acc.sdk\.sdk\launch_scripts\xilinx_c-c++_application_(system_debugger)\system_debugger_using_debug_histogram_demo_app.elf_on_local.tcl'
19:10:49 INFO  : Disconnected from the channel tcfchan#5.
14:17:52 INFO  : Registering command handlers for SDK TCF services
14:17:53 INFO  : Launching XSCT server: xsct.bat -interactive D:\AGH\Semestr_VIII\SDUP\Projekt\Project\histogram_acc\histogram_acc.sdk\temp_xsdb_launch_script.tcl
14:18:04 INFO  : XSCT server has started successfully.
14:18:04 INFO  : Successfully done setting XSCT server connection channel  
14:18:37 INFO  : Successfully done setting SDK workspace  
14:18:37 INFO  : Processing command line option -hwspec D:/AGH/Semestr_VIII/SDUP/Projekt/Project/histogram_acc/histogram_acc.sdk/design_acc_wrapper.hdf.
14:18:55 INFO  : Checking for hwspec changes in the project design_acc_wrapper_hw_platform_0.
14:19:04 INFO  : Connected to target on host '127.0.0.1' and port '3121'.
14:19:05 INFO  : 'targets -set -filter {jtag_cable_name =~ "Digilent Zed 210248586553" && level==0} -index 1' command is executed.
14:19:07 INFO  : FPGA configured successfully with bitstream "D:/AGH/Semestr_VIII/SDUP/Projekt/Project/histogram_acc/histogram_acc.sdk/design_acc_wrapper_hw_platform_0/design_acc_wrapper.bit"
14:19:40 INFO  : 'targets -set -filter {jtag_cable_name =~ "Digilent Zed 210248586553" && level==0} -index 1' command is executed.
14:19:40 INFO  : 'fpga -state' command is executed.
14:19:40 INFO  : Connected to target on host '127.0.0.1' and port '3121'.
14:19:41 INFO  : Jtag cable 'Digilent Zed 210248586553' is selected.
14:19:41 INFO  : 'jtag frequency' command is executed.
14:19:41 INFO  : Sourcing of 'D:/AGH/Semestr_VIII/SDUP/Projekt/Project/histogram_acc/histogram_acc.sdk/design_acc_wrapper_hw_platform_0/ps7_init.tcl' is done.
14:19:41 INFO  : Context for 'APU' is selected.
14:19:41 INFO  : Hardware design information is loaded from 'D:/AGH/Semestr_VIII/SDUP/Projekt/Project/histogram_acc/histogram_acc.sdk/design_acc_wrapper_hw_platform_0/system.hdf'.
14:19:41 INFO  : 'configparams force-mem-access 1' command is executed.
14:19:41 INFO  : Context for 'APU' is selected.
14:19:41 INFO  : 'stop' command is executed.
14:19:42 INFO  : 'ps7_init' command is executed.
14:19:42 INFO  : 'ps7_post_config' command is executed.
14:19:42 INFO  : Context for processor 'ps7_cortexa9_0' is selected.
14:19:42 INFO  : Processor reset is completed for 'ps7_cortexa9_0'.
14:19:42 INFO  : Context for processor 'ps7_cortexa9_0' is selected.
14:19:42 INFO  : The application 'D:/AGH/Semestr_VIII/SDUP/Projekt/Project/histogram_acc/histogram_acc.sdk/histogram_demo_app/Debug/histogram_demo_app.elf' is downloaded to processor 'ps7_cortexa9_0'.
14:19:43 INFO  : 'configparams force-mem-access 0' command is executed.
14:19:43 INFO  : ----------------XSDB Script----------------
connect -url tcp:127.0.0.1:3121
source D:/AGH/Semestr_VIII/SDUP/Projekt/Project/histogram_acc/histogram_acc.sdk/design_acc_wrapper_hw_platform_0/ps7_init.tcl
targets -set -nocase -filter {name =~"APU*" && jtag_cable_name =~ "Digilent Zed 210248586553"} -index 0
loadhw -hw D:/AGH/Semestr_VIII/SDUP/Projekt/Project/histogram_acc/histogram_acc.sdk/design_acc_wrapper_hw_platform_0/system.hdf -mem-ranges [list {0x40000000 0xbfffffff}]
configparams force-mem-access 1
targets -set -nocase -filter {name =~"APU*" && jtag_cable_name =~ "Digilent Zed 210248586553"} -index 0
stop
ps7_init
ps7_post_config
targets -set -nocase -filter {name =~ "ARM*#0" && jtag_cable_name =~ "Digilent Zed 210248586553"} -index 0
rst -processor
targets -set -nocase -filter {name =~ "ARM*#0" && jtag_cable_name =~ "Digilent Zed 210248586553"} -index 0
dow D:/AGH/Semestr_VIII/SDUP/Projekt/Project/histogram_acc/histogram_acc.sdk/histogram_demo_app/Debug/histogram_demo_app.elf
configparams force-mem-access 0
----------------End of Script----------------

14:19:43 INFO  : Memory regions updated for context APU
14:19:43 INFO  : Context for processor 'ps7_cortexa9_0' is selected.
14:19:43 INFO  : 'con' command is executed.
14:19:43 INFO  : ----------------XSDB Script (After Launch)----------------
targets -set -nocase -filter {name =~ "ARM*#0" && jtag_cable_name =~ "Digilent Zed 210248586553"} -index 0
con
----------------End of Script----------------

14:19:43 INFO  : Launch script is exported to file 'D:\AGH\Semestr_VIII\SDUP\Projekt\Project\histogram_acc\histogram_acc.sdk\.sdk\launch_scripts\xilinx_c-c++_application_(system_debugger)\system_debugger_using_debug_histogram_demo_app.elf_on_local.tcl'
14:57:11 INFO  : Disconnected from the channel tcfchan#1.
14:57:12 INFO  : 'targets -set -filter {jtag_cable_name =~ "Digilent Zed 210248586553" && level==0} -index 1' command is executed.
14:57:12 INFO  : 'fpga -state' command is executed.
14:57:12 INFO  : Connected to target on host '127.0.0.1' and port '3121'.
14:57:12 INFO  : Jtag cable 'Digilent Zed 210248586553' is selected.
14:57:12 INFO  : 'jtag frequency' command is executed.
14:57:12 INFO  : Sourcing of 'D:/AGH/Semestr_VIII/SDUP/Projekt/Project/histogram_acc/histogram_acc.sdk/design_acc_wrapper_hw_platform_0/ps7_init.tcl' is done.
14:57:12 INFO  : Context for 'APU' is selected.
14:57:15 INFO  : Hardware design information is loaded from 'D:/AGH/Semestr_VIII/SDUP/Projekt/Project/histogram_acc/histogram_acc.sdk/design_acc_wrapper_hw_platform_0/system.hdf'.
14:57:15 INFO  : 'configparams force-mem-access 1' command is executed.
14:57:15 INFO  : Context for 'APU' is selected.
14:57:15 INFO  : 'stop' command is executed.
14:57:15 INFO  : 'ps7_init' command is executed.
14:57:15 INFO  : 'ps7_post_config' command is executed.
14:57:15 INFO  : Context for processor 'ps7_cortexa9_0' is selected.
14:57:16 INFO  : Processor reset is completed for 'ps7_cortexa9_0'.
14:57:16 INFO  : Context for processor 'ps7_cortexa9_0' is selected.
14:57:16 INFO  : The application 'D:/AGH/Semestr_VIII/SDUP/Projekt/Project/histogram_acc/histogram_acc.sdk/histogram_demo_app/Debug/histogram_demo_app.elf' is downloaded to processor 'ps7_cortexa9_0'.
14:57:16 INFO  : 'configparams force-mem-access 0' command is executed.
14:57:16 INFO  : ----------------XSDB Script----------------
connect -url tcp:127.0.0.1:3121
source D:/AGH/Semestr_VIII/SDUP/Projekt/Project/histogram_acc/histogram_acc.sdk/design_acc_wrapper_hw_platform_0/ps7_init.tcl
targets -set -nocase -filter {name =~"APU*" && jtag_cable_name =~ "Digilent Zed 210248586553"} -index 0
loadhw -hw D:/AGH/Semestr_VIII/SDUP/Projekt/Project/histogram_acc/histogram_acc.sdk/design_acc_wrapper_hw_platform_0/system.hdf -mem-ranges [list {0x40000000 0xbfffffff}]
configparams force-mem-access 1
targets -set -nocase -filter {name =~"APU*" && jtag_cable_name =~ "Digilent Zed 210248586553"} -index 0
stop
ps7_init
ps7_post_config
targets -set -nocase -filter {name =~ "ARM*#0" && jtag_cable_name =~ "Digilent Zed 210248586553"} -index 0
rst -processor
targets -set -nocase -filter {name =~ "ARM*#0" && jtag_cable_name =~ "Digilent Zed 210248586553"} -index 0
dow D:/AGH/Semestr_VIII/SDUP/Projekt/Project/histogram_acc/histogram_acc.sdk/histogram_demo_app/Debug/histogram_demo_app.elf
configparams force-mem-access 0
----------------End of Script----------------

14:57:16 INFO  : Memory regions updated for context APU
14:57:16 INFO  : Context for processor 'ps7_cortexa9_0' is selected.
14:57:16 INFO  : 'con' command is executed.
14:57:16 INFO  : ----------------XSDB Script (After Launch)----------------
targets -set -nocase -filter {name =~ "ARM*#0" && jtag_cable_name =~ "Digilent Zed 210248586553"} -index 0
con
----------------End of Script----------------

14:57:16 INFO  : Launch script is exported to file 'D:\AGH\Semestr_VIII\SDUP\Projekt\Project\histogram_acc\histogram_acc.sdk\.sdk\launch_scripts\xilinx_c-c++_application_(system_debugger)\system_debugger_using_debug_histogram_demo_app.elf_on_local.tcl'
15:00:59 INFO  : Disconnected from the channel tcfchan#2.
15:01:01 INFO  : 'targets -set -filter {jtag_cable_name =~ "Digilent Zed 210248586553" && level==0} -index 1' command is executed.
15:01:01 INFO  : 'fpga -state' command is executed.
15:01:01 INFO  : Connected to target on host '127.0.0.1' and port '3121'.
15:01:03 INFO  : Jtag cable 'Digilent Zed 210248586553' is selected.
15:01:03 INFO  : 'jtag frequency' command is executed.
15:01:03 INFO  : Sourcing of 'D:/AGH/Semestr_VIII/SDUP/Projekt/Project/histogram_acc/histogram_acc.sdk/design_acc_wrapper_hw_platform_0/ps7_init.tcl' is done.
15:01:03 INFO  : Context for 'APU' is selected.
15:01:06 INFO  : Hardware design information is loaded from 'D:/AGH/Semestr_VIII/SDUP/Projekt/Project/histogram_acc/histogram_acc.sdk/design_acc_wrapper_hw_platform_0/system.hdf'.
15:01:06 INFO  : 'configparams force-mem-access 1' command is executed.
15:01:06 INFO  : Context for 'APU' is selected.
15:01:06 INFO  : 'stop' command is executed.
15:01:06 INFO  : 'ps7_init' command is executed.
15:01:06 INFO  : 'ps7_post_config' command is executed.
15:01:07 INFO  : Context for processor 'ps7_cortexa9_0' is selected.
15:01:07 INFO  : Processor reset is completed for 'ps7_cortexa9_0'.
15:01:07 INFO  : Context for processor 'ps7_cortexa9_0' is selected.
15:01:07 INFO  : The application 'D:/AGH/Semestr_VIII/SDUP/Projekt/Project/histogram_acc/histogram_acc.sdk/histogram_demo_app/Debug/histogram_demo_app.elf' is downloaded to processor 'ps7_cortexa9_0'.
15:01:07 INFO  : 'configparams force-mem-access 0' command is executed.
15:01:07 INFO  : ----------------XSDB Script----------------
connect -url tcp:127.0.0.1:3121
source D:/AGH/Semestr_VIII/SDUP/Projekt/Project/histogram_acc/histogram_acc.sdk/design_acc_wrapper_hw_platform_0/ps7_init.tcl
targets -set -nocase -filter {name =~"APU*" && jtag_cable_name =~ "Digilent Zed 210248586553"} -index 0
loadhw -hw D:/AGH/Semestr_VIII/SDUP/Projekt/Project/histogram_acc/histogram_acc.sdk/design_acc_wrapper_hw_platform_0/system.hdf -mem-ranges [list {0x40000000 0xbfffffff}]
configparams force-mem-access 1
targets -set -nocase -filter {name =~"APU*" && jtag_cable_name =~ "Digilent Zed 210248586553"} -index 0
stop
ps7_init
ps7_post_config
targets -set -nocase -filter {name =~ "ARM*#0" && jtag_cable_name =~ "Digilent Zed 210248586553"} -index 0
rst -processor
targets -set -nocase -filter {name =~ "ARM*#0" && jtag_cable_name =~ "Digilent Zed 210248586553"} -index 0
dow D:/AGH/Semestr_VIII/SDUP/Projekt/Project/histogram_acc/histogram_acc.sdk/histogram_demo_app/Debug/histogram_demo_app.elf
configparams force-mem-access 0
----------------End of Script----------------

15:01:07 INFO  : Memory regions updated for context APU
15:01:07 INFO  : Context for processor 'ps7_cortexa9_0' is selected.
15:01:07 INFO  : 'con' command is executed.
15:01:07 INFO  : ----------------XSDB Script (After Launch)----------------
targets -set -nocase -filter {name =~ "ARM*#0" && jtag_cable_name =~ "Digilent Zed 210248586553"} -index 0
con
----------------End of Script----------------

15:01:07 INFO  : Launch script is exported to file 'D:\AGH\Semestr_VIII\SDUP\Projekt\Project\histogram_acc\histogram_acc.sdk\.sdk\launch_scripts\xilinx_c-c++_application_(system_debugger)\system_debugger_using_debug_histogram_demo_app.elf_on_local.tcl'
15:40:00 INFO  : Disconnected from the channel tcfchan#3.
