18:37:27 **** Incremental Build of configuration Debug for project histogram_demo_app ****
make pre-build main-build 
a9-linaro-pre-build-step
' '
make: Nothing to be done for 'main-build'.
18:41:20 **** Incremental Build of configuration Debug for project histogram_demo_app ****
make pre-build main-build 
a9-linaro-pre-build-step
' '
make: Nothing to be done for 'main-build'.
18:44:02 **** Incremental Build of configuration Debug for project histogram_demo_app ****
make pre-build main-build 
a9-linaro-pre-build-step
' '
make: Nothing to be done for 'main-build'.
14:19:33 **** Incremental Build of configuration Debug for project histogram_demo_app ****
make pre-build main-build 
a9-linaro-pre-build-step
' '
make: Nothing to be done for 'main-build'.
14:57:07 **** Incremental Build of configuration Debug for project histogram_demo_app ****
make pre-build main-build 
a9-linaro-pre-build-step
' '
make: Nothing to be done for 'main-build'.
15:00:49 **** Incremental Build of configuration Debug for project histogram_demo_app ****
make pre-build main-build 
a9-linaro-pre-build-step
' '
make: Nothing to be done for 'main-build'.
